{"/workspaces/backend/src/ai/ai.controller.ts": {"path":"/workspaces/backend/src/ai/ai.controller.ts","statementMap":{"0":{"start":{"line":1,"column":0},"end":{"line":1,"column":null}},"1":{"start":{"line":8,"column":0},"end":{"line":8,"column":null}},"2":{"start":{"line":13,"column":0},"end":{"line":13,"column":41}},"3":{"start":{"line":14,"column":0},"end":{"line":14,"column":60}},"4":{"start":{"line":15,"column":0},"end":{"line":15,"column":65}},"5":{"start":{"line":19,"column":7},"end":{"line":63,"column":null}},"6":{"start":{"line":20,"column":31},"end":{"line":20,"column":42}},"7":{"start":{"line":61,"column":4},"end":{"line":61,"column":58}},"8":{"start":{"line":19,"column":13},"end":{"line":19,"column":25}},"9":{"start":{"line":58,"column":8},"end":{"line":62,"column":null}},"10":{"start":{"line":19,"column":13},"end":{"line":63,"column":null}}},"fnMap":{"0":{"name":"(anonymous_4)","decl":{"start":{"line":20,"column":2},"end":{"line":20,"column":31}},"loc":{"start":{"line":20,"column":51},"end":{"line":20,"column":55}}},"1":{"name":"(anonymous_5)","decl":{"start":{"line":58,"column":2},"end":{"line":58,"column":7}},"loc":{"start":{"line":59,"column":46},"end":{"line":62,"column":3}}}},"branchMap":{},"s":{"0":1,"1":1,"2":1,"3":1,"4":1,"5":1,"6":2,"7":1,"8":1,"9":1,"10":1},"f":{"0":2,"1":1},"b":{}}
,"/workspaces/backend/src/ai/ai.service.ts": {"path":"/workspaces/backend/src/ai/ai.service.ts","statementMap":{"0":{"start":{"line":1,"column":0},"end":{"line":1,"column":null}},"1":{"start":{"line":9,"column":0},"end":{"line":9,"column":47}},"2":{"start":{"line":11,"column":0},"end":{"line":11,"column":61}},"3":{"start":{"line":12,"column":0},"end":{"line":12,"column":60}},"4":{"start":{"line":16,"column":0},"end":{"line":16,"column":64}},"5":{"start":{"line":19,"column":22},"end":{"line":238,"column":null}},"6":{"start":{"line":23,"column":21},"end":{"line":23,"column":34}},"7":{"start":{"line":24,"column":21},"end":{"line":24,"column":38}},"8":{"start":{"line":25,"column":21},"end":{"line":25,"column":36}},"9":{"start":{"line":26,"column":21},"end":{"line":26,"column":29}},"10":{"start":{"line":20,"column":19},"end":{"line":20,"column":39}},"11":{"start":{"line":33,"column":34},"end":{"line":33,"column":50}},"12":{"start":{"line":35,"column":4},"end":{"line":41,"column":5}},"13":{"start":{"line":36,"column":6},"end":{"line":36,"column":66}},"14":{"start":{"line":37,"column":6},"end":{"line":40,"column":8}},"15":{"start":{"line":43,"column":4},"end":{"line":45,"column":6}},"16":{"start":{"line":47,"column":19},"end":{"line":47,"column":46}},"17":{"start":{"line":49,"column":25},"end":{"line":49,"column":72}},"18":{"start":{"line":50,"column":24},"end":{"line":50,"column":70}},"19":{"start":{"line":52,"column":21},"end":{"line":56,"column":null}},"20":{"start":{"line":59,"column":4},"end":{"line":61,"column":5}},"21":{"start":{"line":60,"column":6},"end":{"line":60,"column":77}},"22":{"start":{"line":63,"column":27},"end":{"line":66,"column":null}},"23":{"start":{"line":69,"column":33},"end":{"line":69,"column":35}},"24":{"start":{"line":70,"column":4},"end":{"line":81,"column":5}},"25":{"start":{"line":71,"column":19},"end":{"line":73,"column":8}},"26":{"start":{"line":75,"column":6},"end":{"line":75,"column":53}},"27":{"start":{"line":76,"column":26},"end":{"line":76,"column":69}},"28":{"start":{"line":77,"column":6},"end":{"line":80,"column":7}},"29":{"start":{"line":78,"column":8},"end":{"line":78,"column":41}},"30":{"start":{"line":79,"column":8},"end":{"line":79,"column":39}},"31":{"start":{"line":83,"column":4},"end":{"line":85,"column":6}},"32":{"start":{"line":86,"column":4},"end":{"line":86,"column":24}},"33":{"start":{"line":90,"column":4},"end":{"line":99,"column":35}},"34":{"start":{"line":109,"column":4},"end":{"line":133,"column":5}},"35":{"start":{"line":110,"column":6},"end":{"line":110,"column":36}},"36":{"start":{"line":112,"column":6},"end":{"line":124,"column":7}},"37":{"start":{"line":113,"column":8},"end":{"line":117,"column":10}},"38":{"start":{"line":119,"column":8},"end":{"line":123,"column":10}},"39":{"start":{"line":126,"column":6},"end":{"line":130,"column":7}},"40":{"start":{"line":127,"column":8},"end":{"line":129,"column":10}},"41":{"start":{"line":132,"column":6},"end":{"line":132,"column":71}},"42":{"start":{"line":135,"column":4},"end":{"line":149,"column":5}},"43":{"start":{"line":136,"column":6},"end":{"line":140,"column":8}},"44":{"start":{"line":142,"column":6},"end":{"line":146,"column":7}},"45":{"start":{"line":143,"column":8},"end":{"line":145,"column":10}},"46":{"start":{"line":148,"column":6},"end":{"line":148,"column":71}},"47":{"start":{"line":151,"column":17},"end":{"line":151,"column":50}},"48":{"start":{"line":153,"column":4},"end":{"line":163,"column":5}},"49":{"start":{"line":154,"column":6},"end":{"line":158,"column":8}},"50":{"start":{"line":160,"column":6},"end":{"line":162,"column":8}},"51":{"start":{"line":165,"column":18},"end":{"line":165,"column":28}},"52":{"start":{"line":166,"column":4},"end":{"line":175,"column":5}},"53":{"start":{"line":167,"column":6},"end":{"line":171,"column":8}},"54":{"start":{"line":172,"column":6},"end":{"line":174,"column":8}},"55":{"start":{"line":177,"column":4},"end":{"line":185,"column":5}},"56":{"start":{"line":178,"column":6},"end":{"line":181,"column":8}},"57":{"start":{"line":182,"column":6},"end":{"line":184,"column":8}},"58":{"start":{"line":187,"column":4},"end":{"line":187,"column":56}},"59":{"start":{"line":195,"column":4},"end":{"line":201,"column":5}},"60":{"start":{"line":196,"column":6},"end":{"line":199,"column":8}},"61":{"start":{"line":200,"column":6},"end":{"line":200,"column":76}},"62":{"start":{"line":203,"column":4},"end":{"line":205,"column":5}},"63":{"start":{"line":204,"column":6},"end":{"line":204,"column":63}},"64":{"start":{"line":207,"column":4},"end":{"line":216,"column":5}},"65":{"start":{"line":208,"column":6},"end":{"line":212,"column":8}},"66":{"start":{"line":213,"column":6},"end":{"line":215,"column":8}},"67":{"start":{"line":218,"column":4},"end":{"line":218,"column":70}},"68":{"start":{"line":220,"column":4},"end":{"line":222,"column":6}},"69":{"start":{"line":229,"column":4},"end":{"line":236,"column":6}},"70":{"start":{"line":230,"column":6},"end":{"line":234,"column":null}},"71":{"start":{"line":232,"column":10},"end":{"line":232,"column":69}},"72":{"start":{"line":19,"column":13},"end":{"line":19,"column":22}},"73":{"start":{"line":19,"column":13},"end":{"line":238,"column":null}}},"fnMap":{"0":{"name":"(anonymous_2)","decl":{"start":{"line":22,"column":2},"end":{"line":22,"column":null}},"loc":{"start":{"line":26,"column":42},"end":{"line":27,"column":6}}},"1":{"name":"(anonymous_3)","decl":{"start":{"line":29,"column":2},"end":{"line":29,"column":7}},"loc":{"start":{"line":31,"column":15},"end":{"line":87,"column":3}}},"2":{"name":"(anonymous_4)","decl":{"start":{"line":89,"column":10},"end":{"line":89,"column":21}},"loc":{"start":{"line":89,"column":39},"end":{"line":100,"column":3}}},"3":{"name":"(anonymous_5)","decl":{"start":{"line":102,"column":10},"end":{"line":102,"column":15}},"loc":{"start":{"line":105,"column":19},"end":{"line":188,"column":3}}},"4":{"name":"(anonymous_6)","decl":{"start":{"line":190,"column":10},"end":{"line":190,"column":24}},"loc":{"start":{"line":193,"column":19},"end":{"line":223,"column":3}}},"5":{"name":"(anonymous_7)","decl":{"start":{"line":225,"column":10},"end":{"line":225,"column":27}},"loc":{"start":{"line":227,"column":19},"end":{"line":237,"column":3}}},"6":{"name":"(anonymous_8)","decl":{"start":{"line":229,"column":23},"end":{"line":229,"column":24}},"loc":{"start":{"line":230,"column":6},"end":{"line":234,"column":null}}},"7":{"name":"(anonymous_9)","decl":{"start":{"line":231,"column":8},"end":{"line":231,"column":11}},"loc":{"start":{"line":231,"column":13},"end":{"line":233,"column":9}}}},"branchMap":{"0":{"loc":{"start":{"line":31,"column":4},"end":{"line":31,"column":15}},"type":"default-arg","locations":[{"start":{"line":31,"column":14},"end":{"line":31,"column":15}}]},"1":{"loc":{"start":{"line":35,"column":4},"end":{"line":41,"column":5}},"type":"if","locations":[{"start":{"line":35,"column":4},"end":{"line":41,"column":5}}]},"2":{"loc":{"start":{"line":59,"column":4},"end":{"line":61,"column":5}},"type":"if","locations":[{"start":{"line":59,"column":4},"end":{"line":61,"column":5}}]},"3":{"loc":{"start":{"line":77,"column":6},"end":{"line":80,"column":7}},"type":"if","locations":[{"start":{"line":77,"column":6},"end":{"line":80,"column":7}}]},"4":{"loc":{"start":{"line":112,"column":6},"end":{"line":124,"column":7}},"type":"if","locations":[{"start":{"line":112,"column":6},"end":{"line":124,"column":7}},{"start":{"line":118,"column":13},"end":{"line":124,"column":7}}]},"5":{"loc":{"start":{"line":126,"column":6},"end":{"line":130,"column":7}},"type":"if","locations":[{"start":{"line":126,"column":6},"end":{"line":130,"column":7}}]},"6":{"loc":{"start":{"line":135,"column":4},"end":{"line":149,"column":5}},"type":"if","locations":[{"start":{"line":135,"column":4},"end":{"line":149,"column":5}}]},"7":{"loc":{"start":{"line":135,"column":8},"end":{"line":135,"column":45}},"type":"binary-expr","locations":[{"start":{"line":135,"column":8},"end":{"line":135,"column":15}},{"start":{"line":135,"column":19},"end":{"line":135,"column":45}}]},"8":{"loc":{"start":{"line":142,"column":6},"end":{"line":146,"column":7}},"type":"if","locations":[{"start":{"line":142,"column":6},"end":{"line":146,"column":7}}]},"9":{"loc":{"start":{"line":153,"column":4},"end":{"line":163,"column":5}},"type":"if","locations":[{"start":{"line":153,"column":4},"end":{"line":163,"column":5}}]},"10":{"loc":{"start":{"line":166,"column":4},"end":{"line":175,"column":5}},"type":"if","locations":[{"start":{"line":166,"column":4},"end":{"line":175,"column":5}}]},"11":{"loc":{"start":{"line":177,"column":4},"end":{"line":185,"column":5}},"type":"if","locations":[{"start":{"line":177,"column":4},"end":{"line":185,"column":5}}]},"12":{"loc":{"start":{"line":195,"column":4},"end":{"line":201,"column":5}},"type":"if","locations":[{"start":{"line":195,"column":4},"end":{"line":201,"column":5}}]},"13":{"loc":{"start":{"line":195,"column":8},"end":{"line":195,"column":40}},"type":"binary-expr","locations":[{"start":{"line":195,"column":8},"end":{"line":195,"column":22}},{"start":{"line":195,"column":26},"end":{"line":195,"column":40}}]},"14":{"loc":{"start":{"line":203,"column":4},"end":{"line":205,"column":5}},"type":"if","locations":[{"start":{"line":203,"column":4},"end":{"line":205,"column":5}}]},"15":{"loc":{"start":{"line":207,"column":4},"end":{"line":216,"column":5}},"type":"if","locations":[{"start":{"line":207,"column":4},"end":{"line":216,"column":5}}]}},"s":{"0":2,"1":2,"2":2,"3":2,"4":2,"5":2,"6":18,"7":18,"8":18,"9":18,"10":18,"11":33,"12":33,"13":2,"14":2,"15":31,"16":31,"17":31,"18":31,"19":31,"20":31,"21":18,"22":13,"23":7,"24":7,"25":8,"26":7,"27":6,"28":5,"29":5,"30":5,"31":4,"32":4,"33":31,"34":17,"35":17,"36":2,"37":2,"38":0,"39":2,"40":2,"41":0,"42":15,"43":2,"44":2,"45":2,"46":0,"47":13,"48":13,"49":2,"50":2,"51":11,"52":11,"53":2,"54":2,"55":9,"56":2,"57":2,"58":7,"59":18,"60":2,"61":2,"62":16,"63":12,"64":4,"65":2,"66":2,"67":2,"68":2,"69":12,"70":12,"71":12,"72":2,"73":2},"f":{"0":18,"1":33,"2":31,"3":17,"4":18,"5":12,"6":12,"7":12},"b":{"0":[21],"1":[2],"2":[18],"3":[5],"4":[2,0],"5":[2],"6":[2],"7":[15,15],"8":[2],"9":[2],"10":[2],"11":[2],"12":[2],"13":[18,16],"14":[12],"15":[2]}}
,"/workspaces/backend/src/ai/dto/ai-response.dto.ts": {"path":"/workspaces/backend/src/ai/dto/ai-response.dto.ts","statementMap":{"0":{"start":{"line":1,"column":0},"end":{"line":1,"column":46}},"1":{"start":{"line":3,"column":0},"end":{"line":3,"column":13}},"2":{"start":{"line":8,"column":2},"end":{"line":8,"column":null}},"3":{"start":{"line":11,"column":0},"end":{"line":11,"column":13}},"4":{"start":{"line":16,"column":2},"end":{"line":16,"column":null}}},"fnMap":{},"branchMap":{},"s":{"0":0,"1":0,"2":0,"3":0,"4":0},"f":{},"b":{}}
,"/workspaces/backend/src/ai/dto/generate-tasks.dto.ts": {"path":"/workspaces/backend/src/ai/dto/generate-tasks.dto.ts","statementMap":{"0":{"start":{"line":1,"column":0},"end":{"line":1,"column":66}},"1":{"start":{"line":2,"column":0},"end":{"line":2,"column":46}},"2":{"start":{"line":4,"column":0},"end":{"line":4,"column":13}},"3":{"start":{"line":13,"column":2},"end":{"line":13,"column":null}},"4":{"start":{"line":21,"column":2},"end":{"line":21,"column":null}}},"fnMap":{},"branchMap":{},"s":{"0":1,"1":1,"2":1,"3":1,"4":1},"f":{},"b":{}}
,"/workspaces/backend/src/ai/providers/gemini.provider.ts": {"path":"/workspaces/backend/src/ai/providers/gemini.provider.ts","statementMap":{"0":{"start":{"line":1,"column":0},"end":{"line":1,"column":null}},"1":{"start":{"line":7,"column":0},"end":{"line":7,"column":67}},"2":{"start":{"line":38,"column":27},"end":{"line":127,"column":null}},"3":{"start":{"line":39,"column":31},"end":{"line":39,"column":39}},"4":{"start":{"line":47,"column":16},"end":{"line":47,"column":66}},"5":{"start":{"line":49,"column":35},"end":{"line":59,"column":6}},"6":{"start":{"line":61,"column":4},"end":{"line":63,"column":6}},"7":{"start":{"line":65,"column":23},"end":{"line":65,"column":44}},"8":{"start":{"line":66,"column":22},"end":{"line":66,"column":65}},"9":{"start":{"line":66,"column":39},"end":{"line":66,"column":57}},"10":{"start":{"line":68,"column":4},"end":{"line":125,"column":5}},"11":{"start":{"line":69,"column":23},"end":{"line":76,"column":8}},"12":{"start":{"line":78,"column":6},"end":{"line":78,"column":30}},"13":{"start":{"line":80,"column":20},"end":{"line":80,"column":41}},"14":{"start":{"line":81,"column":6},"end":{"line":83,"column":8}},"15":{"start":{"line":85,"column":6},"end":{"line":87,"column":7}},"16":{"start":{"line":86,"column":8},"end":{"line":86,"column":59}},"17":{"start":{"line":89,"column":6},"end":{"line":100,"column":7}},"18":{"start":{"line":92,"column":8},"end":{"line":96,"column":10}},"19":{"start":{"line":97,"column":8},"end":{"line":99,"column":10}},"20":{"start":{"line":102,"column":6},"end":{"line":106,"column":8}},"21":{"start":{"line":108,"column":6},"end":{"line":108,"column":30}},"22":{"start":{"line":109,"column":6},"end":{"line":118,"column":7}},"23":{"start":{"line":110,"column":8},"end":{"line":114,"column":10}},"24":{"start":{"line":115,"column":8},"end":{"line":117,"column":10}},"25":{"start":{"line":119,"column":6},"end":{"line":123,"column":8}},"26":{"start":{"line":124,"column":6},"end":{"line":124,"column":18}},"27":{"start":{"line":38,"column":13},"end":{"line":38,"column":27}},"28":{"start":{"line":38,"column":13},"end":{"line":127,"column":null}}},"fnMap":{"0":{"name":"(anonymous_2)","decl":{"start":{"line":39,"column":2},"end":{"line":39,"column":31}},"loc":{"start":{"line":39,"column":52},"end":{"line":39,"column":56}}},"1":{"name":"(anonymous_3)","decl":{"start":{"line":41,"column":2},"end":{"line":41,"column":7}},"loc":{"start":{"line":45,"column":78},"end":{"line":126,"column":3}}},"2":{"name":"(anonymous_4)","decl":{"start":{"line":66,"column":33},"end":{"line":66,"column":36}},"loc":{"start":{"line":66,"column":39},"end":{"line":66,"column":57}}}},"branchMap":{"0":{"loc":{"start":{"line":44,"column":4},"end":{"line":44,"column":38}},"type":"default-arg","locations":[{"start":{"line":44,"column":20},"end":{"line":44,"column":38}}]},"1":{"loc":{"start":{"line":45,"column":4},"end":{"line":45,"column":78}},"type":"default-arg","locations":[{"start":{"line":45,"column":21},"end":{"line":45,"column":78}}]},"2":{"loc":{"start":{"line":85,"column":6},"end":{"line":87,"column":7}},"type":"if","locations":[{"start":{"line":85,"column":6},"end":{"line":87,"column":7}}]},"3":{"loc":{"start":{"line":89,"column":6},"end":{"line":100,"column":7}},"type":"if","locations":[{"start":{"line":89,"column":6},"end":{"line":100,"column":7}}]},"4":{"loc":{"start":{"line":109,"column":6},"end":{"line":118,"column":7}},"type":"if","locations":[{"start":{"line":109,"column":6},"end":{"line":118,"column":7}}]},"5":{"loc":{"start":{"line":109,"column":10},"end":{"line":109,"column":63}},"type":"binary-expr","locations":[{"start":{"line":109,"column":10},"end":{"line":109,"column":32}},{"start":{"line":109,"column":36},"end":{"line":109,"column":63}}]}},"s":{"0":3,"1":3,"2":3,"3":9,"4":11,"5":11,"6":11,"7":11,"8":11,"9":0,"10":11,"11":11,"12":8,"13":8,"14":8,"15":8,"16":2,"17":6,"18":4,"19":4,"20":2,"21":9,"22":9,"23":2,"24":2,"25":7,"26":7,"27":3,"28":3},"f":{"0":9,"1":11,"2":0},"b":{"0":[0],"1":[0],"2":[2],"3":[4],"4":[2],"5":[9,9]}}
,"/workspaces/backend/src/common/interceptors/logging.interceptor.ts": {"path":"/workspaces/backend/src/common/interceptors/logging.interceptor.ts","statementMap":{"0":{"start":{"line":1,"column":0},"end":{"line":1,"column":null}},"1":{"start":{"line":8,"column":0},"end":{"line":8,"column":37}},"2":{"start":{"line":12,"column":7},"end":{"line":31,"column":null}},"3":{"start":{"line":14,"column":31},"end":{"line":14,"column":39}},"4":{"start":{"line":17,"column":20},"end":{"line":17,"column":64}},"5":{"start":{"line":18,"column":21},"end":{"line":18,"column":67}},"6":{"start":{"line":19,"column":28},"end":{"line":19,"column":35}},"7":{"start":{"line":20,"column":22},"end":{"line":20,"column":32}},"8":{"start":{"line":22,"column":4},"end":{"line":29,"column":6}},"9":{"start":{"line":24,"column":25},"end":{"line":24,"column":47}},"10":{"start":{"line":25,"column":8},"end":{"line":27,"column":10}},"11":{"start":{"line":12,"column":13},"end":{"line":12,"column":31}},"12":{"start":{"line":12,"column":13},"end":{"line":31,"column":null}}},"fnMap":{"0":{"name":"(anonymous_2)","decl":{"start":{"line":14,"column":2},"end":{"line":14,"column":31}},"loc":{"start":{"line":14,"column":45},"end":{"line":14,"column":49}}},"1":{"name":"(anonymous_3)","decl":{"start":{"line":16,"column":2},"end":{"line":16,"column":11}},"loc":{"start":{"line":16,"column":48},"end":{"line":30,"column":3}}},"2":{"name":"(anonymous_4)","decl":{"start":{"line":23,"column":10},"end":{"line":23,"column":13}},"loc":{"start":{"line":23,"column":15},"end":{"line":28,"column":7}}}},"branchMap":{},"s":{"0":1,"1":1,"2":1,"3":3,"4":2,"5":2,"6":2,"7":2,"8":2,"9":2,"10":2,"11":1,"12":1},"f":{"0":3,"1":2,"2":2},"b":{}}
,"/workspaces/backend/src/common/logger/logger.service.ts": {"path":"/workspaces/backend/src/common/logger/logger.service.ts","statementMap":{"0":{"start":{"line":1,"column":0},"end":{"line":1,"column":59}},"1":{"start":{"line":4,"column":7},"end":{"line":30,"column":null}},"2":{"start":{"line":8,"column":4},"end":{"line":8,"column":12}},"3":{"start":{"line":5,"column":12},"end":{"line":5,"column":59}},"4":{"start":{"line":12,"column":4},"end":{"line":12,"column":48}},"5":{"start":{"line":16,"column":4},"end":{"line":16,"column":57}},"6":{"start":{"line":20,"column":4},"end":{"line":20,"column":49}},"7":{"start":{"line":24,"column":4},"end":{"line":24,"column":50}},"8":{"start":{"line":28,"column":4},"end":{"line":28,"column":52}},"9":{"start":{"line":4,"column":13},"end":{"line":4,"column":26}},"10":{"start":{"line":4,"column":13},"end":{"line":30,"column":null}}},"fnMap":{"0":{"name":"(anonymous_2)","decl":{"start":{"line":7,"column":2},"end":{"line":7,"column":null}},"loc":{"start":{"line":7,"column":2},"end":{"line":9,"column":3}}},"1":{"name":"(anonymous_3)","decl":{"start":{"line":11,"column":2},"end":{"line":11,"column":5}},"loc":{"start":{"line":11,"column":39},"end":{"line":13,"column":3}}},"2":{"name":"(anonymous_4)","decl":{"start":{"line":15,"column":2},"end":{"line":15,"column":7}},"loc":{"start":{"line":15,"column":57},"end":{"line":17,"column":3}}},"3":{"name":"(anonymous_5)","decl":{"start":{"line":19,"column":2},"end":{"line":19,"column":6}},"loc":{"start":{"line":19,"column":40},"end":{"line":21,"column":3}}},"4":{"name":"(anonymous_6)","decl":{"start":{"line":23,"column":2},"end":{"line":23,"column":7}},"loc":{"start":{"line":23,"column":41},"end":{"line":25,"column":3}}},"5":{"name":"(anonymous_7)","decl":{"start":{"line":27,"column":2},"end":{"line":27,"column":9}},"loc":{"start":{"line":27,"column":43},"end":{"line":29,"column":3}}}},"branchMap":{"0":{"loc":{"start":{"line":12,"column":23},"end":{"line":12,"column":46}},"type":"binary-expr","locations":[{"start":{"line":12,"column":23},"end":{"line":12,"column":30}},{"start":{"line":12,"column":34},"end":{"line":12,"column":46}}]},"1":{"loc":{"start":{"line":16,"column":32},"end":{"line":16,"column":55}},"type":"binary-expr","locations":[{"start":{"line":16,"column":32},"end":{"line":16,"column":39}},{"start":{"line":16,"column":43},"end":{"line":16,"column":55}}]},"2":{"loc":{"start":{"line":20,"column":24},"end":{"line":20,"column":47}},"type":"binary-expr","locations":[{"start":{"line":20,"column":24},"end":{"line":20,"column":31}},{"start":{"line":20,"column":35},"end":{"line":20,"column":47}}]},"3":{"loc":{"start":{"line":24,"column":25},"end":{"line":24,"column":48}},"type":"binary-expr","locations":[{"start":{"line":24,"column":25},"end":{"line":24,"column":32}},{"start":{"line":24,"column":36},"end":{"line":24,"column":48}}]},"4":{"loc":{"start":{"line":28,"column":27},"end":{"line":28,"column":50}},"type":"binary-expr","locations":[{"start":{"line":28,"column":27},"end":{"line":28,"column":34}},{"start":{"line":28,"column":38},"end":{"line":28,"column":50}}]}},"s":{"0":6,"1":6,"2":13,"3":13,"4":2,"5":2,"6":2,"7":2,"8":2,"9":6,"10":6},"f":{"0":13,"1":2,"2":2,"3":2,"4":2,"5":2},"b":{"0":[2,1],"1":[2,1],"2":[2,1],"3":[2,1],"4":[2,1]}}
,"/workspaces/backend/src/config/configuration.ts": {"path":"/workspaces/backend/src/config/configuration.ts","statementMap":{"0":{"start":{"line":1,"column":29},"end":{"line":15,"column":2}},"1":{"start":{"line":1,"column":36},"end":{"line":15,"column":2}},"2":{"start":{"line":1,"column":13},"end":{"line":1,"column":29}}},"fnMap":{"0":{"name":"(anonymous_0)","decl":{"start":{"line":1,"column":29},"end":{"line":1,"column":32}},"loc":{"start":{"line":1,"column":36},"end":{"line":15,"column":2}}}},"branchMap":{"0":{"loc":{"start":{"line":2,"column":17},"end":{"line":2,"column":43}},"type":"binary-expr","locations":[{"start":{"line":2,"column":17},"end":{"line":2,"column":33}},{"start":{"line":2,"column":37},"end":{"line":2,"column":43}}]},"1":{"loc":{"start":{"line":4,"column":10},"end":{"line":4,"column":56}},"type":"binary-expr","locations":[{"start":{"line":4,"column":10},"end":{"line":4,"column":35}},{"start":{"line":4,"column":39},"end":{"line":4,"column":56}}]},"2":{"loc":{"start":{"line":12,"column":12},"end":{"line":12,"column":62}},"type":"binary-expr","locations":[{"start":{"line":12,"column":12},"end":{"line":12,"column":35}},{"start":{"line":12,"column":39},"end":{"line":12,"column":62}}]},"3":{"loc":{"start":{"line":14,"column":11},"end":{"line":14,"column":48}},"type":"binary-expr","locations":[{"start":{"line":14,"column":11},"end":{"line":14,"column":31}},{"start":{"line":14,"column":35},"end":{"line":14,"column":48}}]}},"s":{"0":0,"1":0,"2":0},"f":{"0":0},"b":{"0":[0,0],"1":[0,0],"2":[0,0],"3":[0,0]}}
,"/workspaces/backend/src/tasks/tasks.controller.ts": {"path":"/workspaces/backend/src/tasks/tasks.controller.ts","statementMap":{"0":{"start":{"line":1,"column":0},"end":{"line":1,"column":null}},"1":{"start":{"line":13,"column":0},"end":{"line":13,"column":79}},"2":{"start":{"line":14,"column":0},"end":{"line":14,"column":47}},"3":{"start":{"line":15,"column":0},"end":{"line":15,"column":54}},"4":{"start":{"line":16,"column":0},"end":{"line":16,"column":54}},"5":{"start":{"line":17,"column":0},"end":{"line":17,"column":58}},"6":{"start":{"line":21,"column":7},"end":{"line":105,"column":null}},"7":{"start":{"line":22,"column":31},"end":{"line":22,"column":45}},"8":{"start":{"line":37,"column":4},"end":{"line":37,"column":51}},"9":{"start":{"line":48,"column":4},"end":{"line":48,"column":39}},"10":{"start":{"line":64,"column":4},"end":{"line":64,"column":41}},"11":{"start":{"line":87,"column":4},"end":{"line":87,"column":55}},"12":{"start":{"line":103,"column":4},"end":{"line":103,"column":40}},"13":{"start":{"line":21,"column":13},"end":{"line":21,"column":28}},"14":{"start":{"line":36,"column":8},"end":{"line":38,"column":null}},"15":{"start":{"line":47,"column":8},"end":{"line":49,"column":null}},"16":{"start":{"line":63,"column":8},"end":{"line":65,"column":null}},"17":{"start":{"line":83,"column":8},"end":{"line":88,"column":null}},"18":{"start":{"line":102,"column":8},"end":{"line":104,"column":null}},"19":{"start":{"line":21,"column":13},"end":{"line":105,"column":null}}},"fnMap":{"0":{"name":"(anonymous_4)","decl":{"start":{"line":22,"column":2},"end":{"line":22,"column":31}},"loc":{"start":{"line":22,"column":57},"end":{"line":22,"column":61}}},"1":{"name":"(anonymous_5)","decl":{"start":{"line":36,"column":2},"end":{"line":36,"column":7}},"loc":{"start":{"line":36,"column":51},"end":{"line":38,"column":3}}},"2":{"name":"(anonymous_6)","decl":{"start":{"line":47,"column":2},"end":{"line":47,"column":7}},"loc":{"start":{"line":47,"column":15},"end":{"line":49,"column":3}}},"3":{"name":"(anonymous_7)","decl":{"start":{"line":63,"column":2},"end":{"line":63,"column":7}},"loc":{"start":{"line":63,"column":39},"end":{"line":65,"column":3}}},"4":{"name":"(anonymous_8)","decl":{"start":{"line":83,"column":2},"end":{"line":83,"column":7}},"loc":{"start":{"line":85,"column":40},"end":{"line":88,"column":3}}},"5":{"name":"(anonymous_9)","decl":{"start":{"line":102,"column":2},"end":{"line":102,"column":7}},"loc":{"start":{"line":102,"column":38},"end":{"line":104,"column":3}}}},"branchMap":{},"s":{"0":1,"1":1,"2":1,"3":1,"4":1,"5":1,"6":1,"7":7,"8":1,"9":1,"10":2,"11":1,"12":2,"13":1,"14":1,"15":1,"16":1,"17":1,"18":1,"19":1},"f":{"0":7,"1":1,"2":1,"3":2,"4":1,"5":2},"b":{}}
,"/workspaces/backend/src/tasks/tasks.repository.ts": {"path":"/workspaces/backend/src/tasks/tasks.repository.ts","statementMap":{"0":{"start":{"line":1,"column":0},"end":{"line":1,"column":44}},"1":{"start":{"line":2,"column":0},"end":{"line":2,"column":51}},"2":{"start":{"line":3,"column":0},"end":{"line":3,"column":37}},"3":{"start":{"line":4,"column":0},"end":{"line":4,"column":46}},"4":{"start":{"line":7,"column":7},"end":{"line":39,"column":null}},"5":{"start":{"line":10,"column":21},"end":{"line":10,"column":33}},"6":{"start":{"line":14,"column":17},"end":{"line":14,"column":48}},"7":{"start":{"line":15,"column":4},"end":{"line":15,"column":38}},"8":{"start":{"line":19,"column":4},"end":{"line":21,"column":7}},"9":{"start":{"line":25,"column":4},"end":{"line":27,"column":7}},"10":{"start":{"line":31,"column":4},"end":{"line":31,"column":43}},"11":{"start":{"line":32,"column":4},"end":{"line":32,"column":28}},"12":{"start":{"line":36,"column":19},"end":{"line":36,"column":51}},"13":{"start":{"line":37,"column":4},"end":{"line":37,"column":57}},"14":{"start":{"line":7,"column":13},"end":{"line":7,"column":28}},"15":{"start":{"line":7,"column":13},"end":{"line":39,"column":null}}},"fnMap":{"0":{"name":"(anonymous_4)","decl":{"start":{"line":8,"column":2},"end":{"line":8,"column":null}},"loc":{"start":{"line":10,"column":49},"end":{"line":11,"column":6}}},"1":{"name":"(anonymous_5)","decl":{"start":{"line":13,"column":2},"end":{"line":13,"column":7}},"loc":{"start":{"line":13,"column":37},"end":{"line":16,"column":3}}},"2":{"name":"(anonymous_6)","decl":{"start":{"line":18,"column":2},"end":{"line":18,"column":7}},"loc":{"start":{"line":18,"column":15},"end":{"line":22,"column":3}}},"3":{"name":"(anonymous_7)","decl":{"start":{"line":24,"column":2},"end":{"line":24,"column":7}},"loc":{"start":{"line":24,"column":26},"end":{"line":28,"column":3}}},"4":{"name":"(anonymous_8)","decl":{"start":{"line":30,"column":2},"end":{"line":30,"column":7}},"loc":{"start":{"line":30,"column":46},"end":{"line":33,"column":3}}},"5":{"name":"(anonymous_9)","decl":{"start":{"line":35,"column":2},"end":{"line":35,"column":7}},"loc":{"start":{"line":35,"column":25},"end":{"line":38,"column":3}}}},"branchMap":{"0":{"loc":{"start":{"line":37,"column":11},"end":{"line":37,"column":56}},"type":"cond-expr","locations":[{"start":{"line":37,"column":29},"end":{"line":37,"column":48}},{"start":{"line":37,"column":51},"end":{"line":37,"column":56}}]}},"s":{"0":5,"1":5,"2":5,"3":5,"4":5,"5":10,"6":1,"7":1,"8":2,"9":4,"10":2,"11":2,"12":2,"13":2,"14":5,"15":5},"f":{"0":10,"1":1,"2":2,"3":4,"4":2,"5":2},"b":{"0":[1,1]}}
,"/workspaces/backend/src/tasks/tasks.service.ts": {"path":"/workspaces/backend/src/tasks/tasks.service.ts","statementMap":{"0":{"start":{"line":1,"column":0},"end":{"line":1,"column":63}},"1":{"start":{"line":2,"column":0},"end":{"line":2,"column":53}},"2":{"start":{"line":6,"column":0},"end":{"line":6,"column":65}},"3":{"start":{"line":9,"column":7},"end":{"line":70,"column":null}},"4":{"start":{"line":11,"column":21},"end":{"line":11,"column":38}},"5":{"start":{"line":12,"column":21},"end":{"line":12,"column":29}},"6":{"start":{"line":16,"column":4},"end":{"line":18,"column":6}},"7":{"start":{"line":19,"column":17},"end":{"line":19,"column":65}},"8":{"start":{"line":20,"column":4},"end":{"line":20,"column":71}},"9":{"start":{"line":21,"column":4},"end":{"line":21,"column":16}},"10":{"start":{"line":25,"column":4},"end":{"line":25,"column":45}},"11":{"start":{"line":26,"column":18},"end":{"line":26,"column":54}},"12":{"start":{"line":27,"column":4},"end":{"line":27,"column":56}},"13":{"start":{"line":28,"column":4},"end":{"line":28,"column":17}},"14":{"start":{"line":32,"column":4},"end":{"line":32,"column":64}},"15":{"start":{"line":33,"column":17},"end":{"line":33,"column":55}},"16":{"start":{"line":34,"column":4},"end":{"line":37,"column":5}},"17":{"start":{"line":35,"column":6},"end":{"line":35,"column":59}},"18":{"start":{"line":36,"column":6},"end":{"line":36,"column":52}},"19":{"start":{"line":38,"column":4},"end":{"line":38,"column":52}},"20":{"start":{"line":39,"column":4},"end":{"line":39,"column":16}},"21":{"start":{"line":43,"column":4},"end":{"line":45,"column":6}},"22":{"start":{"line":46,"column":4},"end":{"line":46,"column":27}},"23":{"start":{"line":47,"column":24},"end":{"line":47,"column":76}},"24":{"start":{"line":48,"column":4},"end":{"line":53,"column":5}},"25":{"start":{"line":49,"column":6},"end":{"line":51,"column":8}},"26":{"start":{"line":52,"column":6},"end":{"line":52,"column":52}},"27":{"start":{"line":54,"column":4},"end":{"line":54,"column":67}},"28":{"start":{"line":55,"column":4},"end":{"line":55,"column":23}},"29":{"start":{"line":59,"column":4},"end":{"line":59,"column":66}},"30":{"start":{"line":60,"column":4},"end":{"line":60,"column":27}},"31":{"start":{"line":61,"column":20},"end":{"line":61,"column":57}},"32":{"start":{"line":62,"column":4},"end":{"line":67,"column":5}},"33":{"start":{"line":63,"column":6},"end":{"line":65,"column":8}},"34":{"start":{"line":66,"column":6},"end":{"line":66,"column":52}},"35":{"start":{"line":68,"column":4},"end":{"line":68,"column":67}},"36":{"start":{"line":9,"column":13},"end":{"line":9,"column":25}},"37":{"start":{"line":9,"column":13},"end":{"line":70,"column":null}}},"fnMap":{"0":{"name":"(anonymous_2)","decl":{"start":{"line":10,"column":2},"end":{"line":10,"column":null}},"loc":{"start":{"line":12,"column":42},"end":{"line":13,"column":6}}},"1":{"name":"(anonymous_3)","decl":{"start":{"line":15,"column":2},"end":{"line":15,"column":7}},"loc":{"start":{"line":15,"column":43},"end":{"line":22,"column":3}}},"2":{"name":"(anonymous_4)","decl":{"start":{"line":24,"column":2},"end":{"line":24,"column":7}},"loc":{"start":{"line":24,"column":15},"end":{"line":29,"column":3}}},"3":{"name":"(anonymous_5)","decl":{"start":{"line":31,"column":2},"end":{"line":31,"column":7}},"loc":{"start":{"line":31,"column":26},"end":{"line":40,"column":3}}},"4":{"name":"(anonymous_6)","decl":{"start":{"line":42,"column":2},"end":{"line":42,"column":7}},"loc":{"start":{"line":42,"column":55},"end":{"line":56,"column":3}}},"5":{"name":"(anonymous_7)","decl":{"start":{"line":58,"column":2},"end":{"line":58,"column":7}},"loc":{"start":{"line":58,"column":25},"end":{"line":69,"column":3}}}},"branchMap":{"0":{"loc":{"start":{"line":34,"column":4},"end":{"line":37,"column":5}},"type":"if","locations":[{"start":{"line":34,"column":4},"end":{"line":37,"column":5}}]},"1":{"loc":{"start":{"line":48,"column":4},"end":{"line":53,"column":5}},"type":"if","locations":[{"start":{"line":48,"column":4},"end":{"line":53,"column":5}}]},"2":{"loc":{"start":{"line":62,"column":4},"end":{"line":67,"column":5}},"type":"if","locations":[{"start":{"line":62,"column":4},"end":{"line":67,"column":5}}]}},"s":{"0":2,"1":2,"2":2,"3":2,"4":7,"5":7,"6":2,"7":2,"8":2,"9":2,"10":1,"11":1,"12":1,"13":1,"14":4,"15":4,"16":4,"17":2,"18":2,"19":2,"20":2,"21":2,"22":2,"23":1,"24":1,"25":0,"26":0,"27":1,"28":1,"29":2,"30":2,"31":1,"32":1,"33":0,"34":0,"35":1,"36":2,"37":2},"f":{"0":7,"1":2,"2":1,"3":4,"4":2,"5":2},"b":{"0":[2],"1":[0],"2":[0]}}
,"/workspaces/backend/src/tasks/dto/create-task.dto.ts": {"path":"/workspaces/backend/src/tasks/dto/create-task.dto.ts","statementMap":{"0":{"start":{"line":1,"column":0},"end":{"line":1,"column":65}},"1":{"start":{"line":2,"column":0},"end":{"line":2,"column":46}},"2":{"start":{"line":4,"column":0},"end":{"line":4,"column":13}},"3":{"start":{"line":14,"column":2},"end":{"line":14,"column":null}}},"fnMap":{},"branchMap":{},"s":{"0":1,"1":1,"2":1,"3":1},"f":{},"b":{}}
,"/workspaces/backend/src/tasks/dto/task-response.dto.ts": {"path":"/workspaces/backend/src/tasks/dto/task-response.dto.ts","statementMap":{"0":{"start":{"line":1,"column":0},"end":{"line":1,"column":46}},"1":{"start":{"line":3,"column":0},"end":{"line":3,"column":13}},"2":{"start":{"line":8,"column":2},"end":{"line":8,"column":null}},"3":{"start":{"line":14,"column":2},"end":{"line":14,"column":null}},"4":{"start":{"line":20,"column":2},"end":{"line":20,"column":null}},"5":{"start":{"line":26,"column":2},"end":{"line":26,"column":null}},"6":{"start":{"line":32,"column":2},"end":{"line":32,"column":null}},"7":{"start":{"line":38,"column":2},"end":{"line":38,"column":null}}},"fnMap":{},"branchMap":{},"s":{"0":2,"1":2,"2":2,"3":2,"4":2,"5":2,"6":2,"7":2},"f":{},"b":{}}
,"/workspaces/backend/src/tasks/dto/update-task.dto.ts": {"path":"/workspaces/backend/src/tasks/dto/update-task.dto.ts","statementMap":{"0":{"start":{"line":1,"column":0},"end":{"line":1,"column":88}},"1":{"start":{"line":2,"column":0},"end":{"line":2,"column":46}},"2":{"start":{"line":4,"column":0},"end":{"line":4,"column":13}},"3":{"start":{"line":16,"column":2},"end":{"line":16,"column":null}},"4":{"start":{"line":25,"column":2},"end":{"line":25,"column":null}}},"fnMap":{},"branchMap":{},"s":{"0":1,"1":1,"2":1,"3":1,"4":1},"f":{},"b":{}}
,"/workspaces/backend/src/tasks/entities/task.entity.ts": {"path":"/workspaces/backend/src/tasks/entities/task.entity.ts","statementMap":{"0":{"start":{"line":1,"column":0},"end":{"line":1,"column":null}},"1":{"start":{"line":10,"column":7},"end":{"line":28,"column":null}},"2":{"start":{"line":10,"column":13},"end":{"line":10,"column":17}},"3":{"start":{"line":12,"column":2},"end":{"line":12,"column":null}},"4":{"start":{"line":15,"column":2},"end":{"line":15,"column":null}},"5":{"start":{"line":18,"column":2},"end":{"line":18,"column":null}},"6":{"start":{"line":21,"column":2},"end":{"line":21,"column":null}},"7":{"start":{"line":24,"column":2},"end":{"line":24,"column":null}},"8":{"start":{"line":27,"column":2},"end":{"line":27,"column":null}},"9":{"start":{"line":10,"column":13},"end":{"line":28,"column":null}}},"fnMap":{},"branchMap":{},"s":{"0":5,"1":5,"2":5,"3":5,"4":5,"5":5,"6":5,"7":5,"8":5,"9":5},"f":{},"b":{}}
}
