TN:
SF:src/ai/ai.controller.ts
FN:20,(anonymous_4)
FN:58,(anonymous_5)
FNF:2
FNH:2
FNDA:2,(anonymous_4)
FNDA:1,(anonymous_5)
DA:1,1
DA:8,1
DA:13,1
DA:14,1
DA:15,1
DA:19,1
DA:20,2
DA:58,1
DA:61,1
LF:9
LH:9
BRF:0
BRH:0
end_of_record
TN:
SF:src/ai/ai.service.ts
FN:22,(anonymous_2)
FN:29,(anonymous_3)
FN:89,(anonymous_4)
FN:102,(anonymous_5)
FN:190,(anonymous_6)
FN:225,(anonymous_7)
FN:229,(anonymous_8)
FN:231,(anonymous_9)
FNF:8
FNH:8
FNDA:18,(anonymous_2)
FNDA:33,(anonymous_3)
FNDA:31,(anonymous_4)
FNDA:17,(anonymous_5)
FNDA:18,(anonymous_6)
FNDA:12,(anonymous_7)
FNDA:12,(anonymous_8)
FNDA:12,(anonymous_9)
DA:1,2
DA:9,2
DA:11,2
DA:12,2
DA:16,2
DA:19,2
DA:20,18
DA:23,18
DA:24,18
DA:25,18
DA:26,18
DA:33,33
DA:35,33
DA:36,2
DA:37,2
DA:43,31
DA:47,31
DA:49,31
DA:50,31
DA:52,31
DA:59,31
DA:60,18
DA:63,13
DA:69,7
DA:70,7
DA:71,8
DA:75,7
DA:76,6
DA:77,5
DA:78,5
DA:79,5
DA:83,4
DA:86,4
DA:90,31
DA:109,17
DA:110,17
DA:112,2
DA:113,2
DA:119,0
DA:126,2
DA:127,2
DA:132,0
DA:135,15
DA:136,2
DA:142,2
DA:143,2
DA:148,0
DA:151,13
DA:153,13
DA:154,2
DA:160,2
DA:165,11
DA:166,11
DA:167,2
DA:172,2
DA:177,9
DA:178,2
DA:182,2
DA:187,7
DA:195,18
DA:196,2
DA:200,2
DA:203,16
DA:204,12
DA:207,4
DA:208,2
DA:213,2
DA:218,2
DA:220,2
DA:229,12
DA:230,12
DA:232,12
LF:72
LH:69
BRDA:31,0,0,21
BRDA:35,1,0,2
BRDA:59,2,0,18
BRDA:77,3,0,5
BRDA:112,4,0,2
BRDA:112,4,1,0
BRDA:126,5,0,2
BRDA:135,6,0,2
BRDA:135,7,0,15
BRDA:135,7,1,15
BRDA:142,8,0,2
BRDA:153,9,0,2
BRDA:166,10,0,2
BRDA:177,11,0,2
BRDA:195,12,0,2
BRDA:195,13,0,18
BRDA:195,13,1,16
BRDA:203,14,0,12
BRDA:207,15,0,2
BRF:19
BRH:18
end_of_record
TN:
SF:src/ai/dto/ai-response.dto.ts
FNF:0
FNH:0
DA:1,0
DA:3,0
DA:8,0
DA:11,0
DA:16,0
LF:5
LH:0
BRF:0
BRH:0
end_of_record
TN:
SF:src/ai/dto/generate-tasks.dto.ts
FNF:0
FNH:0
DA:1,1
DA:2,1
DA:4,1
DA:13,1
DA:21,1
LF:5
LH:5
BRF:0
BRH:0
end_of_record
TN:
SF:src/ai/providers/gemini.provider.ts
FN:39,(anonymous_2)
FN:41,(anonymous_3)
FN:66,(anonymous_4)
FNF:3
FNH:2
FNDA:9,(anonymous_2)
FNDA:11,(anonymous_3)
FNDA:0,(anonymous_4)
DA:1,3
DA:7,3
DA:38,3
DA:39,9
DA:47,11
DA:49,11
DA:61,11
DA:65,11
DA:66,11
DA:68,11
DA:69,11
DA:78,8
DA:80,8
DA:81,8
DA:85,8
DA:86,2
DA:89,6
DA:92,4
DA:97,4
DA:102,2
DA:108,9
DA:109,9
DA:110,2
DA:115,2
DA:119,7
DA:124,7
LF:26
LH:26
BRDA:44,0,0,0
BRDA:45,1,0,0
BRDA:85,2,0,2
BRDA:89,3,0,4
BRDA:109,4,0,2
BRDA:109,5,0,9
BRDA:109,5,1,9
BRF:7
BRH:5
end_of_record
TN:
SF:src/common/interceptors/logging.interceptor.ts
FN:14,(anonymous_2)
FN:16,(anonymous_3)
FN:23,(anonymous_4)
FNF:3
FNH:3
FNDA:3,(anonymous_2)
FNDA:2,(anonymous_3)
FNDA:2,(anonymous_4)
DA:1,1
DA:8,1
DA:12,1
DA:14,3
DA:17,2
DA:18,2
DA:19,2
DA:20,2
DA:22,2
DA:24,2
DA:25,2
LF:11
LH:11
BRF:0
BRH:0
end_of_record
TN:
SF:src/common/logger/logger.service.ts
FN:7,(anonymous_2)
FN:11,(anonymous_3)
FN:15,(anonymous_4)
FN:19,(anonymous_5)
FN:23,(anonymous_6)
FN:27,(anonymous_7)
FNF:6
FNH:6
FNDA:13,(anonymous_2)
FNDA:2,(anonymous_3)
FNDA:2,(anonymous_4)
FNDA:2,(anonymous_5)
FNDA:2,(anonymous_6)
FNDA:2,(anonymous_7)
DA:1,6
DA:4,6
DA:5,13
DA:8,13
DA:12,2
DA:16,2
DA:20,2
DA:24,2
DA:28,2
LF:9
LH:9
BRDA:12,0,0,2
BRDA:12,0,1,1
BRDA:16,1,0,2
BRDA:16,1,1,1
BRDA:20,2,0,2
BRDA:20,2,1,1
BRDA:24,3,0,2
BRDA:24,3,1,1
BRDA:28,4,0,2
BRDA:28,4,1,1
BRF:10
BRH:10
end_of_record
TN:
SF:src/config/configuration.ts
FN:1,(anonymous_0)
FNF:1
FNH:0
FNDA:0,(anonymous_0)
DA:1,0
LF:1
LH:0
BRDA:2,0,0,0
BRDA:2,0,1,0
BRDA:4,1,0,0
BRDA:4,1,1,0
BRDA:12,2,0,0
BRDA:12,2,1,0
BRDA:14,3,0,0
BRDA:14,3,1,0
BRF:8
BRH:0
end_of_record
TN:
SF:src/tasks/tasks.controller.ts
FN:22,(anonymous_4)
FN:36,(anonymous_5)
FN:47,(anonymous_6)
FN:63,(anonymous_7)
FN:83,(anonymous_8)
FN:102,(anonymous_9)
FNF:6
FNH:6
FNDA:7,(anonymous_4)
FNDA:1,(anonymous_5)
FNDA:1,(anonymous_6)
FNDA:2,(anonymous_7)
FNDA:1,(anonymous_8)
FNDA:2,(anonymous_9)
DA:1,1
DA:13,1
DA:14,1
DA:15,1
DA:16,1
DA:17,1
DA:21,1
DA:22,7
DA:36,1
DA:37,1
DA:47,1
DA:48,1
DA:63,1
DA:64,2
DA:83,1
DA:87,1
DA:102,1
DA:103,2
LF:18
LH:18
BRF:0
BRH:0
end_of_record
TN:
SF:src/tasks/tasks.repository.ts
FN:8,(anonymous_4)
FN:13,(anonymous_5)
FN:18,(anonymous_6)
FN:24,(anonymous_7)
FN:30,(anonymous_8)
FN:35,(anonymous_9)
FNF:6
FNH:6
FNDA:10,(anonymous_4)
FNDA:1,(anonymous_5)
FNDA:2,(anonymous_6)
FNDA:4,(anonymous_7)
FNDA:2,(anonymous_8)
FNDA:2,(anonymous_9)
DA:1,5
DA:2,5
DA:3,5
DA:4,5
DA:7,5
DA:10,10
DA:14,1
DA:15,1
DA:19,2
DA:25,4
DA:31,2
DA:32,2
DA:36,2
DA:37,2
LF:14
LH:14
BRDA:37,0,0,1
BRDA:37,0,1,1
BRF:2
BRH:2
end_of_record
TN:
SF:src/tasks/tasks.service.ts
FN:10,(anonymous_2)
FN:15,(anonymous_3)
FN:24,(anonymous_4)
FN:31,(anonymous_5)
FN:42,(anonymous_6)
FN:58,(anonymous_7)
FNF:6
FNH:6
FNDA:7,(anonymous_2)
FNDA:2,(anonymous_3)
FNDA:1,(anonymous_4)
FNDA:4,(anonymous_5)
FNDA:2,(anonymous_6)
FNDA:2,(anonymous_7)
DA:1,2
DA:2,2
DA:6,2
DA:9,2
DA:11,7
DA:12,7
DA:16,2
DA:19,2
DA:20,2
DA:21,2
DA:25,1
DA:26,1
DA:27,1
DA:28,1
DA:32,4
DA:33,4
DA:34,4
DA:35,2
DA:36,2
DA:38,2
DA:39,2
DA:43,2
DA:46,2
DA:47,1
DA:48,1
DA:49,0
DA:52,0
DA:54,1
DA:55,1
DA:59,2
DA:60,2
DA:61,1
DA:62,1
DA:63,0
DA:66,0
DA:68,1
LF:36
LH:32
BRDA:34,0,0,2
BRDA:48,1,0,0
BRDA:62,2,0,0
BRF:3
BRH:1
end_of_record
TN:
SF:src/tasks/dto/create-task.dto.ts
FNF:0
FNH:0
DA:1,1
DA:2,1
DA:4,1
DA:14,1
LF:4
LH:4
BRF:0
BRH:0
end_of_record
TN:
SF:src/tasks/dto/task-response.dto.ts
FNF:0
FNH:0
DA:1,2
DA:3,2
DA:8,2
DA:14,2
DA:20,2
DA:26,2
DA:32,2
DA:38,2
LF:8
LH:8
BRF:0
BRH:0
end_of_record
TN:
SF:src/tasks/dto/update-task.dto.ts
FNF:0
FNH:0
DA:1,1
DA:2,1
DA:4,1
DA:16,1
DA:25,1
LF:5
LH:5
BRF:0
BRH:0
end_of_record
TN:
SF:src/tasks/entities/task.entity.ts
FNF:0
FNH:0
DA:1,5
DA:10,5
DA:12,5
DA:15,5
DA:18,5
DA:21,5
DA:24,5
DA:27,5
LF:8
LH:8
BRF:0
BRH:0
end_of_record
